<?xml version="1.0" encoding="UTF-8"?>
<!-- Generated by org.testng.reporters.JUnitXMLReporter -->
<testsuite ignored="0" hostname="DESKTOP-9PA8N0S" failures="2" tests="6" name="Test7" time="82.403" errors="0" timestamp="2021-05-05T11:52:09 IST">
  <testcase classname="io.cucumber.testng.AbstractTestNGCucumberTests" name="runScenario" time="22.813"/>
  <testcase classname="io.cucumber.testng.AbstractTestNGCucumberTests" name="runScenario" time="1.753"/>
  <testcase classname="io.cucumber.testng.AbstractTestNGCucumberTests" name="runScenario" time="1.934"/>
  <testcase classname="io.cucumber.testng.AbstractTestNGCucumberTests" name="runScenario" time="2.263">
    <failure type="org.openqa.selenium.NoSuchElementException" message="An element could not be located on the page using the given search parameters.
For documentation on this error, please visit: https://www.seleniumhq.org/exceptions/no_such_element.html
Build info: version: &amp;apos;3.141.59&amp;apos;, revision: &amp;apos;e82be7d358&amp;apos;, time: &amp;apos;2018-11-14T08:17:03&amp;apos;
System info: host: &amp;apos;DESKTOP-9PA8N0S&amp;apos;, ip: &amp;apos;192.168.43.66&amp;apos;, os.name: &amp;apos;Windows 10&amp;apos;, os.arch: &amp;apos;amd64&amp;apos;, os.version: &amp;apos;10.0&amp;apos;, java.version: &amp;apos;15.0.2&amp;apos;
Driver info: io.appium.java_client.android.AndroidDriver
Capabilities {appActivity: com.mpoweredhealth.MainActi..., appPackage: com.mpoweredhealth.demo, databaseEnabled: false, desired: {appActivity: com.mpoweredhealth.MainActi..., appPackage: com.mpoweredhealth.demo, deviceName: POCO X2, platformName: android, platformVersion: 11 RKQ1.200826.002, udid: 80a4c051}, deviceApiLevel: 30, deviceManufacturer: Xiaomi, deviceModel: POCO X2, deviceName: 80a4c051, deviceScreenDensity: 440, deviceScreenSize: 1080x2400, deviceUDID: 80a4c051, javascriptEnabled: true, locationContextEnabled: false, networkConnectionEnabled: true, pixelRatio: 2.75, platform: LINUX, platformName: Android, platformVersion: 11, statBarHeight: 95, takesScreenshot: true, udid: 80a4c051, viewportRect: {height: 2080, left: 0, top: 95, width: 1080}, warnings: {}, webStorageEnabled: false}
Session ID: 18ec4e2d-ce09-48bc-bfe2-f77b2d3f0f98
*** Element info: {Using=xpath, value=//android.widget.TextView[13][@text=&amp;apos;Log In&amp;apos;]}">
      <![CDATA[org.openqa.selenium.NoSuchElementException: An element could not be located on the page using the given search parameters.
For documentation on this error, please visit: https://www.seleniumhq.org/exceptions/no_such_element.html
Build info: version: '3.141.59', revision: 'e82be7d358', time: '2018-11-14T08:17:03'
System info: host: 'DESKTOP-9PA8N0S', ip: '192.168.43.66', os.name: 'Windows 10', os.arch: 'amd64', os.version: '10.0', java.version: '15.0.2'
Driver info: io.appium.java_client.android.AndroidDriver
Capabilities {appActivity: com.mpoweredhealth.MainActi..., appPackage: com.mpoweredhealth.demo, databaseEnabled: false, desired: {appActivity: com.mpoweredhealth.MainActi..., appPackage: com.mpoweredhealth.demo, deviceName: POCO X2, platformName: android, platformVersion: 11 RKQ1.200826.002, udid: 80a4c051}, deviceApiLevel: 30, deviceManufacturer: Xiaomi, deviceModel: POCO X2, deviceName: 80a4c051, deviceScreenDensity: 440, deviceScreenSize: 1080x2400, deviceUDID: 80a4c051, javascriptEnabled: true, locationContextEnabled: false, networkConnectionEnabled: true, pixelRatio: 2.75, platform: LINUX, platformName: Android, platformVersion: 11, statBarHeight: 95, takesScreenshot: true, udid: 80a4c051, viewportRect: {height: 2080, left: 0, top: 95, width: 1080}, warnings: {}, webStorageEnabled: false}
Session ID: 18ec4e2d-ce09-48bc-bfe2-f77b2d3f0f98
*** Element info: {Using=xpath, value=//android.widget.TextView[13][@text='Log In']}
at org.openqa.selenium.remote.http.W3CHttpResponseCodec.createException(W3CHttpResponseCodec.java:187)
at org.openqa.selenium.remote.http.W3CHttpResponseCodec.decode(W3CHttpResponseCodec.java:122)
at org.openqa.selenium.remote.http.W3CHttpResponseCodec.decode(W3CHttpResponseCodec.java:49)
at org.openqa.selenium.remote.HttpCommandExecutor.execute(HttpCommandExecutor.java:158)
at io.appium.java_client.remote.AppiumCommandExecutor.execute(AppiumCommandExecutor.java:247)
at org.openqa.selenium.remote.RemoteWebDriver.execute(RemoteWebDriver.java:552)
at io.appium.java_client.DefaultGenericMobileDriver.execute(DefaultGenericMobileDriver.java:41)
at io.appium.java_client.AppiumDriver.execute(AppiumDriver.java:1)
at io.appium.java_client.android.AndroidDriver.execute(AndroidDriver.java:1)
at org.openqa.selenium.remote.RemoteWebDriver.findElement(RemoteWebDriver.java:323)
at io.appium.java_client.DefaultGenericMobileDriver.findElement(DefaultGenericMobileDriver.java:61)
at io.appium.java_client.AppiumDriver.findElement(AppiumDriver.java:1)
at io.appium.java_client.android.AndroidDriver.findElement(AndroidDriver.java:1)
at org.openqa.selenium.remote.RemoteWebDriver.findElementByXPath(RemoteWebDriver.java:428)
at io.appium.java_client.DefaultGenericMobileDriver.findElementByXPath(DefaultGenericMobileDriver.java:151)
at io.appium.java_client.AppiumDriver.findElementByXPath(AppiumDriver.java:1)
at io.appium.java_client.android.AndroidDriver.findElementByXPath(AndroidDriver.java:1)
at org.openqa.selenium.By$ByXPath.findElement(By.java:353)
at org.openqa.selenium.remote.RemoteWebDriver.findElement(RemoteWebDriver.java:315)
at io.appium.java_client.DefaultGenericMobileDriver.findElement(DefaultGenericMobileDriver.java:57)
at io.appium.java_client.AppiumDriver.findElement(AppiumDriver.java:1)
at io.appium.java_client.android.AndroidDriver.findElement(AndroidDriver.java:1)
at Reusable_functions.Generic_functions.click(Generic_functions.java:201)
at Login_positive_scenario.Login_positive_scenario.login_positive_tc_004(Login_positive_scenario.java:77)
at ✽.User enter  the Password(file:///C:/Users/LENOVO/eclipse-workspace/Integrated_Framework_Mobile/src/main/java/Login_positive_scenario/Login_positive_scenario.feature:14)
... Removed 5 stack frames]]>
    </failure>
  </testcase> <!-- runScenario -->
  <testcase classname="io.cucumber.testng.AbstractTestNGCucumberTests" name="runScenario" time="8.635"/>
  <testcase classname="io.cucumber.testng.AbstractTestNGCucumberTests" name="runScenario" time="32.152">
    <failure type="org.openqa.selenium.NoSuchElementException" message="An element could not be located on the page using the given search parameters.
For documentation on this error, please visit: https://www.seleniumhq.org/exceptions/no_such_element.html
Build info: version: &amp;apos;3.141.59&amp;apos;, revision: &amp;apos;e82be7d358&amp;apos;, time: &amp;apos;2018-11-14T08:17:03&amp;apos;
System info: host: &amp;apos;DESKTOP-9PA8N0S&amp;apos;, ip: &amp;apos;192.168.43.66&amp;apos;, os.name: &amp;apos;Windows 10&amp;apos;, os.arch: &amp;apos;amd64&amp;apos;, os.version: &amp;apos;10.0&amp;apos;, java.version: &amp;apos;15.0.2&amp;apos;
Driver info: io.appium.java_client.android.AndroidDriver
Capabilities {appActivity: com.mpoweredhealth.MainActi..., appPackage: com.mpoweredhealth.demo, databaseEnabled: false, desired: {appActivity: com.mpoweredhealth.MainActi..., appPackage: com.mpoweredhealth.demo, deviceName: POCO X2, platformName: android, platformVersion: 11 RKQ1.200826.002, udid: 80a4c051}, deviceApiLevel: 30, deviceManufacturer: Xiaomi, deviceModel: POCO X2, deviceName: 80a4c051, deviceScreenDensity: 440, deviceScreenSize: 1080x2400, deviceUDID: 80a4c051, javascriptEnabled: true, locationContextEnabled: false, networkConnectionEnabled: true, pixelRatio: 2.75, platform: LINUX, platformName: Android, platformVersion: 11, statBarHeight: 95, takesScreenshot: true, udid: 80a4c051, viewportRect: {height: 2080, left: 0, top: 95, width: 1080}, warnings: {}, webStorageEnabled: false}
Session ID: 18ec4e2d-ce09-48bc-bfe2-f77b2d3f0f98
*** Element info: {Using=xpath, value=//android.view.ViewGroup[11]}">
      <![CDATA[org.openqa.selenium.NoSuchElementException: An element could not be located on the page using the given search parameters.
For documentation on this error, please visit: https://www.seleniumhq.org/exceptions/no_such_element.html
Build info: version: '3.141.59', revision: 'e82be7d358', time: '2018-11-14T08:17:03'
System info: host: 'DESKTOP-9PA8N0S', ip: '192.168.43.66', os.name: 'Windows 10', os.arch: 'amd64', os.version: '10.0', java.version: '15.0.2'
Driver info: io.appium.java_client.android.AndroidDriver
Capabilities {appActivity: com.mpoweredhealth.MainActi..., appPackage: com.mpoweredhealth.demo, databaseEnabled: false, desired: {appActivity: com.mpoweredhealth.MainActi..., appPackage: com.mpoweredhealth.demo, deviceName: POCO X2, platformName: android, platformVersion: 11 RKQ1.200826.002, udid: 80a4c051}, deviceApiLevel: 30, deviceManufacturer: Xiaomi, deviceModel: POCO X2, deviceName: 80a4c051, deviceScreenDensity: 440, deviceScreenSize: 1080x2400, deviceUDID: 80a4c051, javascriptEnabled: true, locationContextEnabled: false, networkConnectionEnabled: true, pixelRatio: 2.75, platform: LINUX, platformName: Android, platformVersion: 11, statBarHeight: 95, takesScreenshot: true, udid: 80a4c051, viewportRect: {height: 2080, left: 0, top: 95, width: 1080}, warnings: {}, webStorageEnabled: false}
Session ID: 18ec4e2d-ce09-48bc-bfe2-f77b2d3f0f98
*** Element info: {Using=xpath, value=//android.view.ViewGroup[11]}
at org.openqa.selenium.remote.http.W3CHttpResponseCodec.createException(W3CHttpResponseCodec.java:187)
at org.openqa.selenium.remote.http.W3CHttpResponseCodec.decode(W3CHttpResponseCodec.java:122)
at org.openqa.selenium.remote.http.W3CHttpResponseCodec.decode(W3CHttpResponseCodec.java:49)
at org.openqa.selenium.remote.HttpCommandExecutor.execute(HttpCommandExecutor.java:158)
at io.appium.java_client.remote.AppiumCommandExecutor.execute(AppiumCommandExecutor.java:247)
at org.openqa.selenium.remote.RemoteWebDriver.execute(RemoteWebDriver.java:552)
at io.appium.java_client.DefaultGenericMobileDriver.execute(DefaultGenericMobileDriver.java:41)
at io.appium.java_client.AppiumDriver.execute(AppiumDriver.java:1)
at io.appium.java_client.android.AndroidDriver.execute(AndroidDriver.java:1)
at org.openqa.selenium.remote.RemoteWebDriver.findElement(RemoteWebDriver.java:323)
at io.appium.java_client.DefaultGenericMobileDriver.findElement(DefaultGenericMobileDriver.java:61)
at io.appium.java_client.AppiumDriver.findElement(AppiumDriver.java:1)
at io.appium.java_client.android.AndroidDriver.findElement(AndroidDriver.java:1)
at org.openqa.selenium.remote.RemoteWebDriver.findElementByXPath(RemoteWebDriver.java:428)
at io.appium.java_client.DefaultGenericMobileDriver.findElementByXPath(DefaultGenericMobileDriver.java:151)
at io.appium.java_client.AppiumDriver.findElementByXPath(AppiumDriver.java:1)
at io.appium.java_client.android.AndroidDriver.findElementByXPath(AndroidDriver.java:1)
at org.openqa.selenium.By$ByXPath.findElement(By.java:353)
at org.openqa.selenium.remote.RemoteWebDriver.findElement(RemoteWebDriver.java:315)
at io.appium.java_client.DefaultGenericMobileDriver.findElement(DefaultGenericMobileDriver.java:57)
at io.appium.java_client.AppiumDriver.findElement(AppiumDriver.java:1)
at io.appium.java_client.android.AndroidDriver.findElement(AndroidDriver.java:1)
at Login_positive_scenario.Login_positive_scenario.login_positive_tc_006(Login_positive_scenario.java:114)
at ✽.User click on Logout(file:///C:/Users/LENOVO/eclipse-workspace/Integrated_Framework_Mobile/src/main/java/Login_positive_scenario/Login_positive_scenario.feature:20)
... Removed 5 stack frames]]>
    </failure>
  </testcase> <!-- runScenario -->
</testsuite> <!-- Test7 -->
