<?xml version="1.0" encoding="UTF-8"?>
<testsuite xmlns:xsi="http://www.w3.org/2001/XMLSchema-instance" xsi:schemaLocation="https://maven.apache.org/surefire/maven-surefire-plugin/xsd/surefire-test-report.xsd" name="TestSuite" time="596.046" tests="40" errors="0" skipped="0" failures="2">
  <properties>
[...]
</properties>
  <testcase name="runScenario" classname="Runner_files.Landing_positive_scenario_runner" time="13.718"/>
  <testcase name="runScenario" classname="Runner_files.Landing_positive_scenario_runner" time="3.035"/>
  <testcase name="runScenario" classname="Runner_files.Landing_positive_scenario_runner" time="5.295"/>
  <testcase name="runScenario" classname="Runner_files.Signup_positive_scenario_runner" time="13.225"/>
  <testcase name="runScenario" classname="Runner_files.Signup_positive_scenario_runner" time="9.297"/>
  <testcase name="runScenario" classname="Runner_files.Signup_positive_scenario_runner" time="6.111"/>
  <testcase name="runScenario" classname="Runner_files.Signup_positive_scenario_runner" time="5.607"/>
  <testcase name="runScenario" classname="Runner_files.Signup_positive_scenario_runner" time="22.477"/>
  <testcase name="runScenario" classname="Runner_files.Signup_positive_scenario_runner" time="31.868"/>
  <testcase name="runScenario" classname="Runner_files.Signup_negative_scenario_runner" time="27.401"/>
  <testcase name="runScenario" classname="Runner_files.Signup_negative_scenario_runner" time="8.439"/>
  <testcase name="runScenario" classname="Runner_files.Signup_negative_scenario_runner" time="5.214"/>
  <testcase name="runScenario" classname="Runner_files.Signup_negative_scenario_runner" time="7.982"/>
  <testcase name="runScenario" classname="Runner_files.Signup_negative_scenario_runner" time="19.059"/>
  <testcase name="runScenario" classname="Runner_files.Signup_negative_scenario_runner" time="20.88"/>
  <testcase name="runScenario" classname="Runner_files.Signup_negative_scenario_runner" time="8.843"/>
  <testcase name="runScenario" classname="Runner_files.Signup_negative_scenario_runner" time="2.659"/>
  <testcase name="runScenario" classname="Runner_files.Signup_negative_scenario_runner" time="9.931"/>
  <testcase name="runScenario" classname="Runner_files.Signup_negative_scenario_runner" time="8.335"/>
  <testcase name="runScenario" classname="Runner_files.Forgot_positive_scenario_runner" time="19.883"/>
  <testcase name="runScenario" classname="Runner_files.Forgot_positive_scenario_runner" time="2.971"/>
  <testcase name="runScenario" classname="Runner_files.Forgot_positive_scenario_runner" time="4.865"/>
  <testcase name="runScenario" classname="Runner_files.Forgot_negative_scenario_runner" time="22.24"/>
  <testcase name="runScenario" classname="Runner_files.Forgot_negative_scenario_runner" time="11.737"/>
  <testcase name="runScenario" classname="Runner_files.Forgot_negative_scenario_runner" time="13.237"/>
  <testcase name="runScenario" classname="Runner_files.Forgot_negative_scenario_runner" time="28.848"/>
  <testcase name="runScenario" classname="Runner_files.Forgot_negative_scenario_runner" time="23.065"/>
  <testcase name="runScenario" classname="Runner_files.Login_negative_scenario_runner" time="44.515"/>
  <testcase name="runScenario" classname="Runner_files.Login_negative_scenario_runner" time="8.675"/>
  <testcase name="runScenario" classname="Runner_files.Login_negative_scenario_runner" time="13.035"/>
  <testcase name="runScenario" classname="Runner_files.Login_negative_scenario_runner" time="6.456"/>
  <testcase name="runScenario" classname="Runner_files.Login_negative_scenario_runner" time="9.052"/>
  <testcase name="runScenario" classname="Runner_files.Login_negative_scenario_runner" time="8.172"/>
  <testcase name="runScenario" classname="Runner_files.Login_negative_scenario_runner" time="8.569"/>
  <testcase name="runScenario" classname="Runner_files.Login_positive_scenario_runner" time="22.814"/>
  <testcase name="runScenario" classname="Runner_files.Login_positive_scenario_runner" time="1.753"/>
  <testcase name="runScenario" classname="Runner_files.Login_positive_scenario_runner" time="1.935"/>
  <testcase name="runScenario" classname="Runner_files.Login_positive_scenario_runner" time="2.276">
    <failure message="An element could not be located on the page using the given search parameters.&#10;For documentation on this error, please visit: https://www.seleniumhq.org/exceptions/no_such_element.html&#10;Build info: version: &apos;3.141.59&apos;, revision: &apos;e82be7d358&apos;, time: &apos;2018-11-14T08:17:03&apos;&#10;System info: host: &apos;DESKTOP-9PA8N0S&apos;, ip: &apos;192.168.43.66&apos;, os.name: &apos;Windows 10&apos;, os.arch: &apos;amd64&apos;, os.version: &apos;10.0&apos;, java.version: &apos;15.0.2&apos;&#10;Driver info: io.appium.java_client.android.AndroidDriver&#10;Capabilities {appActivity: com.mpoweredhealth.MainActi..., appPackage: com.mpoweredhealth.demo, databaseEnabled: false, desired: {appActivity: com.mpoweredhealth.MainActi..., appPackage: com.mpoweredhealth.demo, deviceName: POCO X2, platformName: android, platformVersion: 11 RKQ1.200826.002, udid: 80a4c051}, deviceApiLevel: 30, deviceManufacturer: Xiaomi, deviceModel: POCO X2, deviceName: 80a4c051, deviceScreenDensity: 440, deviceScreenSize: 1080x2400, deviceUDID: 80a4c051, javascriptEnabled: true, locationContextEnabled: false, networkConnectionEnabled: true, pixelRatio: 2.75, platform: LINUX, platformName: Android, platformVersion: 11, statBarHeight: 95, takesScreenshot: true, udid: 80a4c051, viewportRect: {height: 2080, left: 0, top: 95, width: 1080}, warnings: {}, webStorageEnabled: false}&#10;Session ID: 18ec4e2d-ce09-48bc-bfe2-f77b2d3f0f98&#10;*** Element info: {Using=xpath, value=//android.widget.TextView[13][@text=&apos;Log In&apos;]}" type="org.openqa.selenium.NoSuchElementException">org.openqa.selenium.NoSuchElementException: 
An element could not be located on the page using the given search parameters.
For documentation on this error, please visit: https://www.seleniumhq.org/exceptions/no_such_element.html
Build info: version: '3.141.59', revision: 'e82be7d358', time: '2018-11-14T08:17:03'
System info: host: 'DESKTOP-9PA8N0S', ip: '192.168.43.66', os.name: 'Windows 10', os.arch: 'amd64', os.version: '10.0', java.version: '15.0.2'
Driver info: io.appium.java_client.android.AndroidDriver
Capabilities {appActivity: com.mpoweredhealth.MainActi..., appPackage: com.mpoweredhealth.demo, databaseEnabled: false, desired: {appActivity: com.mpoweredhealth.MainActi..., appPackage: com.mpoweredhealth.demo, deviceName: POCO X2, platformName: android, platformVersion: 11 RKQ1.200826.002, udid: 80a4c051}, deviceApiLevel: 30, deviceManufacturer: Xiaomi, deviceModel: POCO X2, deviceName: 80a4c051, deviceScreenDensity: 440, deviceScreenSize: 1080x2400, deviceUDID: 80a4c051, javascriptEnabled: true, locationContextEnabled: false, networkConnectionEnabled: true, pixelRatio: 2.75, platform: LINUX, platformName: Android, platformVersion: 11, statBarHeight: 95, takesScreenshot: true, udid: 80a4c051, viewportRect: {height: 2080, left: 0, top: 95, width: 1080}, warnings: {}, webStorageEnabled: false}
Session ID: 18ec4e2d-ce09-48bc-bfe2-f77b2d3f0f98
*** Element info: {Using=xpath, value=//android.widget.TextView[13][@text='Log In']}
</failure>
  </testcase>
  <testcase name="runScenario" classname="Runner_files.Login_positive_scenario_runner" time="8.634"/>
  <testcase name="runScenario" classname="Runner_files.Login_positive_scenario_runner" time="32.152">
    <failure message="An element could not be located on the page using the given search parameters.&#10;For documentation on this error, please visit: https://www.seleniumhq.org/exceptions/no_such_element.html&#10;Build info: version: &apos;3.141.59&apos;, revision: &apos;e82be7d358&apos;, time: &apos;2018-11-14T08:17:03&apos;&#10;System info: host: &apos;DESKTOP-9PA8N0S&apos;, ip: &apos;192.168.43.66&apos;, os.name: &apos;Windows 10&apos;, os.arch: &apos;amd64&apos;, os.version: &apos;10.0&apos;, java.version: &apos;15.0.2&apos;&#10;Driver info: io.appium.java_client.android.AndroidDriver&#10;Capabilities {appActivity: com.mpoweredhealth.MainActi..., appPackage: com.mpoweredhealth.demo, databaseEnabled: false, desired: {appActivity: com.mpoweredhealth.MainActi..., appPackage: com.mpoweredhealth.demo, deviceName: POCO X2, platformName: android, platformVersion: 11 RKQ1.200826.002, udid: 80a4c051}, deviceApiLevel: 30, deviceManufacturer: Xiaomi, deviceModel: POCO X2, deviceName: 80a4c051, deviceScreenDensity: 440, deviceScreenSize: 1080x2400, deviceUDID: 80a4c051, javascriptEnabled: true, locationContextEnabled: false, networkConnectionEnabled: true, pixelRatio: 2.75, platform: LINUX, platformName: Android, platformVersion: 11, statBarHeight: 95, takesScreenshot: true, udid: 80a4c051, viewportRect: {height: 2080, left: 0, top: 95, width: 1080}, warnings: {}, webStorageEnabled: false}&#10;Session ID: 18ec4e2d-ce09-48bc-bfe2-f77b2d3f0f98&#10;*** Element info: {Using=xpath, value=//android.view.ViewGroup[11]}" type="org.openqa.selenium.NoSuchElementException">org.openqa.selenium.NoSuchElementException: 
An element could not be located on the page using the given search parameters.
For documentation on this error, please visit: https://www.seleniumhq.org/exceptions/no_such_element.html
Build info: version: '3.141.59', revision: 'e82be7d358', time: '2018-11-14T08:17:03'
System info: host: 'DESKTOP-9PA8N0S', ip: '192.168.43.66', os.name: 'Windows 10', os.arch: 'amd64', os.version: '10.0', java.version: '15.0.2'
Driver info: io.appium.java_client.android.AndroidDriver
Capabilities {appActivity: com.mpoweredhealth.MainActi..., appPackage: com.mpoweredhealth.demo, databaseEnabled: false, desired: {appActivity: com.mpoweredhealth.MainActi..., appPackage: com.mpoweredhealth.demo, deviceName: POCO X2, platformName: android, platformVersion: 11 RKQ1.200826.002, udid: 80a4c051}, deviceApiLevel: 30, deviceManufacturer: Xiaomi, deviceModel: POCO X2, deviceName: 80a4c051, deviceScreenDensity: 440, deviceScreenSize: 1080x2400, deviceUDID: 80a4c051, javascriptEnabled: true, locationContextEnabled: false, networkConnectionEnabled: true, pixelRatio: 2.75, platform: LINUX, platformName: Android, platformVersion: 11, statBarHeight: 95, takesScreenshot: true, udid: 80a4c051, viewportRect: {height: 2080, left: 0, top: 95, width: 1080}, warnings: {}, webStorageEnabled: false}
Session ID: 18ec4e2d-ce09-48bc-bfe2-f77b2d3f0f98
*** Element info: {Using=xpath, value=//android.view.ViewGroup[11]}
</failure>
  </testcase>
</testsuite>